[    0.00000 Lnux version 4.15.0-47-genric (bild@lgw01-amd64-001) (gcc version 7.3.0 (Ubuntu 7.3.0-16ubuntu3)) #50-Ubuntu SMP Wed Mar 13 10:44:52 UTC 2019 (Ubuntu 4.15.0-47.50-generic 4.15.18)
[    0.000000] Command line: BOOT_IMAGE=/boot/vmlinuz-4.15.0-47-generic root=LABEL=cloudimg-rootfs ro console=tty1 console=ttyS0
[    0.000000] KERNEL supported cpus:
[    0.000000]   Intel GenuineIntel
[    0.000000]   AMD AuthenticAMD
[    0.000000]   Centaur CentaurHauls
[    0.000000] x86/fpu: Supporting XSAVE feature 0x001: 'x87 floating point registers'
[    0.000000] x86/fpu: Supporting XSAVE feature 0x002: 'SSE registers'
[    0.000000] x86/fpu: Supporting XSAVE feature 0x004: 'AVX registers'
[    0.000000] x86/fpu: xstate_offset[2]:  576, xstate_sizes[2]:  256
[    0.000000] x86/fpu: Enabled xstate features 0x7, context size is 832 bytes, using 'standard' format.
[    0.000000] e820: BIOS-provided physical RAM map:
[    0.000000] BIOS-e820: [mem 0x0000000000000000-0x000000000009fbff] usable
[    0.000000] BIOS-e820: [mem 0x000000000009fc00-0x000000000009ffff] reserved
[    0.000000] BIOS-e820: [mem 0x00000000000f0000-0x00000000000fffff] reserved
[    0.000000] BIOS-e820: [mem 0x0000000000100000-0x000000003ffeffff] usable
[    0.000000] BIOS-e820: [mem 0x000000003fff0000-0x000000003fffffff] ACPI data
[    0.000000] BIOS-e820: [mem 0x00000000fec00000-0x00000000fec00fff] reserved
[    0.000000] BIOS-e820: [mem 0x00000000fee00000-0x00000000fee00fff] reserved
[    0.000000] BIOS-e820: [mem 0x00000000fffc0000-0x00000000ffffffff] reserved
[    0.000000] NX (Execute Disable) protection: active
[    0.0000] SMBIOS 2 pesent.
[    0.000000] DMI: innotek GmbH VirtualBox/VirtualBox, BIOS VirtualBox 12/01/2006
[    0.000000] Hypervisor detected: KVM
[    0.000000] e820: laspf = 0x3f0 max_arch_pfn= 400000000
[    0.000000] MTRR: Disabled
[    0.000000] x86/PAT: MTRRs disabled, skipping PAT initialization too.
[    0.000000] CPU MTRRs all blank - virtualized system.
[    0.000000] x86/PAT: Configuration [0-7]: WB  WT  UC- UC  WB  WT  UC- UC  
[    0.000000] found SMP MP-table at [mem 0x0009fff0-0x0009ffff] mapped at [        (ptrval)]
[    0.000000] Scanning 1 areas for low memory corruption
[    0.000000] RAMDISK: [mem 0x359cb000-0x36cdcfff]
[    0.000000] ACPI: Early table checksum verification disabled
[    0.000000] ACPI: RSDP 0x00000000000E0000 000024 (v02 VBOX  )
[    0.000000] ACPI: XSDT 0x000000003FFF0030 00003C (v01 VBOX   VBOXXSDT 00000001 ASL  00000061)
[    0.000000] ACPI: FACP 0x000000003FFF00F0 0000F4 (v04 VBOX   VBOXFACP 00000001 ASL  00000061)
[    0.000000] ACPI: DSDT 0x000000003FFF0470 0021FF (v02 VBOX   VBOXBIOS 00000002 INTL 20100528)
[    0.000000] ACPI: FACS 0x000000003FFF0200 000040
[    0.000000] ACPI: FACS 0x000000003FFF0200 000040
[    0.000000] ACPI: APIC 0x000000003FFF0240 00005C (v02 VBOX   VBOXAC 00001 SL  00000061)
[    0.000000] ACPI: SSDT 0x000000003FFF02A0 0001CC (v01 VBOX   VBOXCPUT 00000002 INTL 20100528)
[    0.000000] No NUMA configuration found
[    0.000000] Faking a node at [mem 0x00000000000000-0x000000003ffeffff]
[    0.000000] NODE_DATA(0) allocated [mem 0x3ffc5000-0x3ffeffff]
[    0.000000] kvm-clock: cpu 0, msr 0:3ff44001, primary cpu clock
[    0.000000] kvm-clock: Using msrs 4b564d01 and 4b564d00
[    0.000000] km-ock: using sched offset of 5385981362 cycles
[    0.000000] clocksource: kvm-clock: mask: 0xffffffffffffffff max_cycles: 0x1cd42e4dffb, max_idle_ns: 8815905913 ns
[    0.000000] Zoe rans:
[    0.000000]   DMA      [mem 0x0000000000001000-0x0000000000ffffff]
[    0.000000]   DMA32    [mem 0x0000000001000000-0x000000003ffeffff]
[    0.000000]   Normal   empty
[    0.000000]   Device   empty
[    0.000000] Movable zone start for each node
[    0.000000] Early memory node ranges
[    0.000000]   node   0: [mem 0x0000000000001000-0x000000000009efff]
[    0.000000]   node   0:[mem 0x000000000010000-0x000000003ffeffff]
[    0.000000] Reserved but unavailable: 114 page
   0.000000] Initme sup node [mem 0x0000000000001000-0x000000003ffeffff]
[    0.000000] ACPI: PM-Timer IO Port: 0x4008
[    0.000000] IOAPIC[0]: apic_id 2, version 32, address 0xfec00000, GSI 0-23
[    0.000000] ACPI: INT_SRC_OVR (bus 0 bus_irq 0 global_irq 2 dfl dfl)
[    0.000000] ACPI: INT_SRC_OVR (bus 0 bus_irq 9 global_irq 9 low level)
[    0.000000] Using ACPI (MADT) for SMP configuration information
[    0.000000] smpboot: Allowing 2 CPUs, 0 hotplug CPUs
[    0.000000] PM: Registered nosave memory: [mem 0x00000000-0x00000fff]
[    0.000000] PM: Registered nosave memory: [mem 0x0009f000-0x0009ffff]
[    0.000000] PM: Registered nosave memory: [mem 0x000a0000-0x000effff]
[    0.000000] PM: Registered nosave memory: [mem 0x000f0000-0x000fffff]
[    0.000000] e820: [mem 0x40000000-0xfebfffff] available for PCI devices
[    0.000000] Booting paravirtualized kernel on KVM
[[    0.000000] clocksource: refined-jiffies: mask: 0xffffffff max_cycles: 0xffffffff, max_idle_ns: 7645519600211568 ns
[    0.000000] random: get_random_bytes called from start_kernel+0x99/0x4fd with crng_init=0
[    0.000000] setup_percpu: NR_CPUS:8192 nr_cpumask_bits:2 nr_cpu_ids:2 nr_node_ids:1
[    0.000000] percpu: Embedded 46 pages/cpu @        (ptrval) s151552 r8192 d28672 u1048576
[    0.000000] PV qspinlock hash table entries: 256 (order: 0, 4096bytes))
[    0.000000] Built 1 zonelists, mobility grouping on.  Total pages: 257913
[    0.000000] Policy zone: DMA32
[    0.000000] Kernel command line: BOOT_IMAGE=/boot/vmlinuz-4.15.0-47-generic root=LABEL=cloudimg-rootfs ro console=tty1 consol=tyS0
[    0.0000] Memory: 983056K/1048120K available (12300K kernel code, 2473K rwdata, 4252K rodata, 2408K init, 2416K bss, 65064K reserved, 0K cma-reserved)
[    0.000000] SLUB: HWalign=64, Order=0-3, MinObjects=0, CPUs=2, Nodes=1
[    0.000000] Kernel/User page tables isolation: enabled
[    0.000000] ftrace: allocating 39206 entries in 154 pages
[    0.004000] Hierarchical RCU implementation.
[    0.004000] 	RCrestricti CUs fom NR_CPUS=8192 to nr_cpu_ids=2.
[    0.004000] 	Tasks RCU enabled.
[  0.004000] RCU: Adjusting geometry for rcu_fanout_leaf=16, nr_cpu_ids=2
[    0.004000] NR_IRQS: 524544, nr_irqs: 440, preallocated irqs: 16
[    0.004000] Console: colour VGA+ 80x25
[    0.004000] console [y1 enabl
[    0.0040] onsole ttS0] enabl
    0.004000] ACPI: Core revision 20170831
[    0.004000] ACPI: 2 ACPI AML tables successfully acquired and loaded
[    0.004000] APIC: Switch to symmetric I/O mode setup
[    0.004000] x2apic enabled
[    0.004000] Switched APIC routing to physical x2apic.
[    0.004887] ..TIMER: vector=0x30apc1=0 pin1=2 apic2=-1 pin2=-1
[    0.008002] tsc: Detected 2303.998 MHz processor
[    0.012010] Calibrating delay loop (skipped) preset value.. 4607.99 BogoMIPS (lpj=9215992)
[    0.016003] pid_max: default: 32768 minimum: 301
[    0.017411] Security Framework initialized
[    0.020003] Yama: becoming mindful.
[    0.021096] AppArmor: AppArmor initialized
[    0.024054] Dentry cache hash table entries: 131072 (order: 8, 1048576 bytes)
[    0.028082] Inode-cache hash table entries: 65536 (order: 7, 524288 bytes)
[    0.030102] Mount-cache hash table entries: 2048 (order: 2, 16384 bytes)
[    0.032007] Mountpoint-cache hash table entries: 2048 (order: 2, 16384 bytes)
[    0.034292] mce: CPU supports 0 MCE banks
[    0.036014] Last level iTLB entries: 4KB 64, 2MB 8, 4MB 8
[    0.037614] Last level dTLB entries: 4KB 64, 2MB 0, 4MB 0, 1GB 4
[    0.040003] Spectre V2 : Mitigation: Full generic retpoline
[    0.044002] Spectre V2 : Spectre v2 / SpectreRSB mitigation: Filling RSB on context switch
[    0.048002] Speculative Store Bypass: Vulnerable
[    0.052086] Freeing SMP alternatives memory: 36K
[    0.060000] smpboot: CPU0: Intel(R) Core(TM) i5-7360U CPU @ 2.30GHz (family: 0x6, model: 0x8e, stepping: 0x9)
[    0.060069] Performance Events: unsupported p6 CPU model 142 no PMU driver, software events only.
[    0.062700] Hierarchical SRCU implementation.
[    0.064531] NMI watchdog: Perf event create on CPU 0 failed with -2
[    0.068002] NMI watchdog: Perf NMI watchdog permanently disabled
[    0.072045] smp: Bringing up secondary CPUs ...
[    0.073513] x86: Booting SMP configuration:
[    0.076002] .... node  #0, CPUs:      #1
[    0.004000] kvm-clock: cpu 1, msr 0:3ff44041, secondary cpu clock
[    0.004000] mce: CPU supports 0 MCE banks
[    0.084017] smp: Brought up 1 node, 2 CPUs
[    0.088004] smpboot: Max logical packages: 1
[    0.092003] smpboot: Total of 2 processors activated (9215.99 BogoMIPS)
[    0.096117] devtmpfs: initialized
[    0.100051] x86/mm: Memory block size: 128MB
[    0.104135] evm: security.selinux
[    0.105176] evm: security.SMACK64
[    0.108003] evm: security.SMACK64EXEC
[    0.112005] evm: security.SMACK64TRANSMUTE
[    0.116002] evm: security.SMACK64MMAP
[    0.117134] evm: security.apparmor
[    0.118182] evm: security.ima
[    0.119101] evm: security.capability
[    0.120111] clocksource: jiffies: mask: 0xffffffff max_cycles: 0xffffffff, max_idle_ns: 7645041785100000 ns
[    0.122550] futex hash table entries: 512 (order: 3, 32768 bytes)
[    0.124059] pinctrl core: initialized pinctrl subsystem
[    0.126801] RTC time:  1:18:05, date: 05/12/19
[    0.128254] NET: Registered protocol family 16
[    0.130127] audit: initializing netlink subsys (disabled)
[    0.132062] audit: type=2000 audit(1557623890.487:1): state=initialized audit_enabled=0 res=1
[    0.136012] cpuidle: using governor ladder
[    0.138220] cpuidle: using governor menu
[    0.140063] ACPI: bus type PCI registered
[    0.142116] acpiphp: ACPI Hot Plug PCI Controller Driver version: 0.5
[    0.144178] PCI: Using configuration type 1 for base access
[    0.149462] HugeTLB registered 2.00 MiB page size, pre-allocated 0 pages
[    0.152110] ACPI: Added _OSI(Module Device)
[    0.156007] ACPI: Added _OSI(Processor Device)
[    0.158409] ACPI: Added _OSI(3.0 _SCP Extensions)
[    0.160007] ACPI: Added _OSI(Processor Aggregator Device)
[    0.164010] ACPI: Added _OSI(Linux-Dell-Video)
[    0.166297] ACPI: Added _OSI(Linux-Lenovo-NV-HDMI-Audio)
[    0.168006] ACPI: Added _OSI(Linux-HPI-Hybrid-Graphics)
[    0.172685] ACPI: Executed 1 blocks of module-level executable AML code
[    0.184367] ACPI: Interpreter enabled
[    0.185624] ACPI: (supports S0 S5)
[    0.188008] ACPI: Using IOAPIC for interrupt routing
[    0.189483] PCI: Using host bridge windows from ACPI; if necessary, use "pci=nocrs" and report a bug
[    0.192262] ACPI: Enabled 2 GPEs in block 00 to 07
[    0.202475] ACPI: PCI Root Bridge [PCI0] (domain 0000 [bus 00-ff])
[    0.204015] acpi PNP0A03:00: _OSC: OS supports [ASPM ClockPM Segments MSI]
[    0.205824] acpi PNP0A03:00: _OSC: not requesting OS control; OS requires [ExtendedConfig ASPM ClockPM MSI]
[    0.208024] acpi PNP0A03:00: fail to add MMCONFIG information, can't access extended PCI configuration space under this bridge.
[    0.212497] PCI host bridge to bus 0000:00
[    0.216005] pci_bus 0000:00: root bus resource [io  0x0000-0x0cf7 window]
[    0.220004] pci_bus 0000:00: root bus resource [io  0x0d00-0xffff window]
[    0.224004] pci_bus 0000:00: root bus resource [mem 0x000a0000-0x000bffff window]
[    0.228003] pci_bus 0000:00: root bus resource [mem 0x40000000-0xfdffffff window]
[    0.232005] pci_bus 0000:00: root bus resource [bus 00-ff]
[    0.242604] pci 0000:00:01.1: legacy IDE quirk: reg 0x10: [io  0x01f0-0x01f7]
[    0.244003] pci 0000:00:01.1: legacy IDE quirk: reg 0x14: [io  0x03f6]
[    0.248003] pci 0000:00:01.1: legacy IDE quirk: reg 0x18: [io  0x0170-0x0177]
[    0.252003] pci 0000:00:01.1: legacy IDE quirk: reg 0x1c: [io  0x0376]
[    0.273805] pci 0000:00:07.0: quirk: [io  0x4000-0x403f] claimed by PIIX4 ACPI
[    0.276023] pci 0000:00:07.0: quirk: [io  0x4100-0x410f] claimed by PIIX4 SMB
[    0.290909] ACPI: PCI Interrupt Link [LNKA] (IRQs 5 9 10 *11)
[    0.292304] ACPI: PCI Interrupt Link [LNKB] (IRQs 5 9 *10 11)
[    0.296146] ACPI: PCI Interrupt Link [LNKC] (IRQs 5 *9 10 11)
[    0.297980] ACPI: PCI Interrupt Link [LNKD] (IRQs 5 9 10 *11)
[    0.300373] SCSI subsystem initialized
[    0.308032] pci 0000:00:02.0: vgaarb: setting as boot VGA device
[    0.312000] pci 0000:00:02.0: vgaarb: VGA device added: decodes=io+mem,owns=io+mem,locks=none
[    0.312004] pci 0000:00:02.0: vgaarb: bridge control possible
[    0.316002] vgaarb: loaded
[    0.320028] ACPI: bus type USB registered
[    0.324022] usbcore: registered new interface driver usbfs
[    0.328021] usbcore: registered new interface driver hub
[    0.332037] usbcore: registered new device driver usb
[    0.336071] EDAC MC: Ver: 3.0.0
[    0.337382] PCI: Using ACPI for IRQ routing
[    0.340391] NetLabel: Initializing
[    0.344002] NetLabel:  domain hash size = 128
[    0.348002] NetLabel:  protocols = UNLABELED CIPSOv4 CALIPSO
[    0.352019] NetLabel:  unlabeled traffic allowed by default
[    0.356094] clocksource: Switched to clocksource kvm-clock
[    0.380196] VFS:Di qtadqt_6.
[    0.671373] VFS: Dquot-cache hash table entries: 512 (order 0, 4096 bytes)
[    0.673116] AppArmor: AppArmor ilesystem Enabled
[    0.698224] pnp: PnP ACPI init
[   0.701628] pnp: PnP ACPI: found 3 devices

[    0.750684] clocksource: acpi_pm: mask: 0xffffff max_cycles: 0xffffff, max_idle_ns: 2085701024 ns
[    0.752920] NET: Registered protocol family 2
[    0.755674] TCP established hash table entries: 8192 (order: 4, 65536 bytes)
[    0.763544] TCP bind hash table entries: 8192 (order: 5, 131072 bytes)
[    0.765299] TCP: Hash tables confire(eabsh 82 nd 8192)
[    1.0768]DPastae entries: 512 (order: 2, 16384 bytes)  1.53] P-teastae tres: 512 (order: 2, 16384 bytes)
[    1.767541] NET: Registered protocol family 1
[    1.7617] pci 0000:00:00.0: Limiting direct PCI/PCI transfers
[    1.824323] pci 0000:00:01.0: Activating ISA DMA hang workarounds
[    1.826932] pci 0000:00:02.0: Video device with shadowed ROM at [mem 0x000c0000-0x000dffff]
[    1.831006] Unpacking initramfs...

[    2.089426] Freeing initrd memory: 19528K
[    2.092147] platform rtc_cmos: registered platform RTC device (no PNP device found)
[    2.167187] Scanning for low memory corruption every 60 seconds
[    2.206465] Initialise system trusted keyrings
[    2.238203] Key type blacklist registered
[    2.239557] workingset: timestamp_bits=36 max_order=18 bucket_order=0
[    2.287735] zbud: loaded
[    2.307013] squashfs: version 4.0 (2009/01/31) Phillip Lougher
[    2.342854] fuse init (API version 7.26)
[    2.358554] Key type asymmetric registered
[    2.359550] Asymmetric key parser 'x509' registered
[    2.360748] Block layer SCSI generic (bsg) driver version 0.4 loaded (major 246)
[    2.362552] io scheduler noop registered
[    2.369384] io scheduler deadline registered
[    2.404808] io scheduler cfq registered (default)
[    2.406807] ACPI: AC Adapter [AC] (off-line)
[    2.413956] input: Power Button as /devices/LNXSYSTM:00/LNXPWRBN:00/input/input0
[    2.423752] ACPI: Power Button [PWRF]
[    2.430599] input: Sleep Button as /devices/LNXSYSTM:00/LNXSLPBN:00/input/input1
[    2.438324] ACPI: Sleep Button [SLPF]
[    2.440990] ACPI: Battery Slot [BAT0] (battery present)
[    2.456519] Serial: 8250/16550 driver, 32 ports, IRQ sharing enabled
[    2.480825] 00:02: ttyS0 at I/O 0x3f8 (irq = 4, base_baud = 115200) is a 16550A
[    2.484957] Linux agpgart interface v0.103
[    2.487956] loop: module loaded
[    2.575603] scsi host0: ata_piix
[    2.675281] scsi host1: ata_piix
[    2.775460] ata1: PATA max UDMA/33 cmd 0x1f0 ctl 0x3f6 bmdma 0xd000 irq 14
[    2.780401] ata2: PATA max UDMA/33 cmd 0x170 ctl 0x376 bmdma 0xd008 irq 15
[    2.782477] libphy: Fixed MDIO Bus: probed
[    2.794663] tun: Universal TUN/TAP device driver, 1.6
[    2.825865] PPP generic driver version 2.4.2
[    2.875243] ehci_hcd: USB 2.0 'Enhanced' Host Controller (EHCI) Driver
[    2.876980] ehci-pci: EHCI PCI platform driver
[    2.878090] ehci-platform: EHCI generic platform driver
[    2.879330] ohci_hcd: USB 1.1 'Open' Host Controller (OHCI) Driver
[    2.880808] ohci-pci: OHCI PCI platform driver
[    2.881881] ohci-platform: OHCI generic platform driver
[    2.883225] uhci_hcd: USB Universal Host Controller Interface driver
[    2.884817] i8042: PNP: PS/2 Controller [PNP0303:PS2K,PNP0f03:PS2M] at 0x60,0x64 irq 1,12
[    2.887368] serio: i8042 KBD port at 0x60,0x64 irq 1
[    2.888608] serio: i8042 AUX port at 0x60,0x64 irq 12
[    2.889866] mousedev: PS/2 mouse device common for all mice
[    2.891398] input: AT Translated Set 2 keyboard as /devices/platform/i8042/serio0/input/input2
[    2.894054] rtc_cmos rtc_cmos: rtc core: registered rtc_cmos as rtc0
[    2.902562] rtc_cmos rtc_cmos: alarms up to one day, 114 bytes nvram
[    2.905356] i2c /dev entries driver
[    2.906958] pcie_mp2_amd: AMD(R) PCI-E MP2 Communication Driver Version: 1.0
[    2.910320] device-mapper: uevent: version 1.0.3
[    2.912599] device-mapper: ioctl: 4.37.0-ioctl (2017-09-20) initialised: dm-devel@redhat.com
[    2.916516] ledtrig-cpu: registered to indicate activity on CPUs
[    2.922501] NET: Registered protocol family 10
[    2.935256] Segment Routing with IPv6
[    2.937145] NET: Registered protocol family 17
[    2.939411] Key type dns_resolver registered
[    2.942195] RAS: Correctable Errors collector initialized.
[    2.944886] sched_clock: Marking stable (2944841854, 0)->(5790818369, -2845976515)
[    2.949372] registered taskstats version 1
[    2.951229] Loading compiled-in X.509 certificates
[    2.957224] Loaded X.509 cert 'Build time autogenerated kernel key: 7211859d1298c08a101905a3cb814e8c7b4bf4a4'
[    2.961132] zswap: loaded using pool lzo/zbud
[    2.965985] Key type big_key registered
[    2.968696] Key type trusted registered
[    2.972376] Key type encrypted registered
[    2.977669] AppArmor: AppArmor sha1 policy hashing enabled
[    2.979593] ima: No TPM chip found, activating TPM-bypass! (rc=-19)
[    2.981924] ima: Allocated hash algorithm: sha1
[    2.994207] evm: HMAC attrs: 0x1
[    3.002168]   Magic number: 3:269:306
[    3.005506] tty tty35: hash matches
[    3.006662] rtc_cmos rtc_cmos: setting system clock to 2019-05-12 01:18:09 UTC (1557623889)
[    3.041028] BIOS EDD facility v0.16 2004-Jun-25, 0 devices found
[    3.063004] EDD information not available.
[    3.066550] Freeing unused kernel memory: 2408K
[    3.105431] tsc: Refined TSC clocksource calibration: 2305.409 MHz
[    3.776975] clocksource: tsc: mask: 0xffffffffffffffff max_cycles: 0x213b2b190ef, max_idle_ns: 440795321073 ns
[    3.779905] Write protecting the kernel read-only data: 20480k
[    3.787582] Freeing unused kernel memory: 2008K
[    3.791397] Freeing unused kernel memory: 1892K
[    4.093997] x86/mm: Checked W+X mappings: passed, no W+X pages found.
[    4.157309] x86/mm: Checking user space page tables
[    4.162691] x86/mm: Checked W+X mappings: passed, no W+X pages found.
Loading, please wait...
starting version 237
[    4.258548] e1000: Intel(R) PRO/1000 Network Driver - version 7.3.21-k8-NAPI
[    4.261552] e1000: Copyright (c) 1999-2006 Intel Corporation.
[    4.266275] Fusion MPT base driver 3.04.20
[    4.267377] Copyright (c) 1999-2008 LSI Corporation
[    4.286018] AVX2 version of gcm_enc/dec engaged.
[    4.287474] AES CTR mode by8 optimization enabled
[    4.289041] vboxvideo: loading out-of-tree module taints kernel.
[    4.293886] vboxvideo: module verification failed: signature and/or required key missing - tainting kernel
[    4.297185] Fusion MPT SPI Host driver 3.04.20
[    4.501281] input: ImExPS/2 Generic Explorer Mouse as /devices/platform/i8042/serio1/input/input4
[    4.683676] e1000 0000:00:03.0 eth0: (PCI:33MHz:32-bit) 02:5c:19:d6:ac:b9
[    4.974571] e1000 0000:00:03.0 eth0: Intel(R) PRO/1000 Network Connection
[    5.076956] mptbase: ioc0: Initiating bringup
[    5.180483] ioc0: LSI53C1030 A0: Capabilities={Initiator}
[    5.527310] scsi host2: ioc0: LSI53C1030 A0, FwRev=00000000h, Ports=1, MaxQ=256, IRQ=20
[    5.698630] scsi 2:0:0:0: Direct-Access     VBOX     HARDDISK         1.0  PQ: 0 ANSI: 5
[    5.700169] [drm] VRAM 01000000
[    5.772564] [TTM] Zone  kernel: Available graphics memory: 504464 kiB
[    5.772565] [TTM] Initializing pool allocator
[    5.772569] [TTM] Initializing DMA pool allocator
[    5.807170] fbcon: vboxdrmfb (fb0) is primary device
[    5.808688] Console: switching to colour frame buffer device 100x37
[    5.965738] vboxvideo 0000:00:02.0: fb0: vboxdrmfb frame buffer device
[    6.036067] scsi target2:0:0: Beginning Domain Validation
[    6.044616] [drm] Initialized vboxvideo 1.0.0 20130823 for 0000:00:02.0 on minor 0
[    6.051313] scsi target2:0:0: Domain Validation skipping write tests
[    6.059775] scsi target2:0:0: Ending Domain Validation
[    6.084618] scsi target2:0:0: asynchronous
[    6.085852] scsi 2:0:1:0: Direct-Access     VBOX     HARDDISK         1.0  PQ: 0 ANSI: 5
[    6.116117] scsi target2:0:1: Beginning Domain Validation
[    6.117668] random: fast init done
[    6.118821] scsi target2:0:1: Domain Validation skipping write tests
[    6.120136] scsi target2:0:1: Ending Domain Validation
[    6.121380] scsi target2:0:1: asynchronous
[    6.130236] random: systemd-udevd: uninitialized urandom read (16 bytes read)
[    6.130260] sd 2:0:0:0: Attached scsi generic sg0 type 0
[    6.177390] sd 2:0:0:0: [sda] 20971520 512-byte logical blocks: (10.7 GB/10.0 GiB)
[    6.177590] sd 2:0:1:0: Attached scsi generic sg1 type 0
[    6.182447] random: systemd-udevd: uninitialized urandom read (16 bytes read)
[    6.183439] sd 2:0:0:0: [sda] Write Protect is off
[    6.183785] sd 2:0:0:0: [sda] Incomplete mode parameter data
[    6.183787] sd 2:0:0:0: [sda] Assuming drive cache: write through
[    6.189169] sd 2:0:1:0: [sdb] 20480 512-byte logical blocks: (10.5 MB/10.0 MiB)
[    6.189318] sd 2:0:1:0: [sdb] Write Protect is off
[    6.195488] sd 2:0:1:0: [sdb] Incomplete mode parameter data
[    6.195490] sd 2:0:1:0: [sdb] Assuming drive cache: write through
[    6.209776]  sda: sda1
[    6.220776] random: systemd-udevd: uninitialized urandom read (16 bytes read)
[    6.224517] sd 2:0:0:0: [sda] Attached SCSI disk
[    6.233121] sd 2:0:1:0: [sdb] Attached SCSI disk
[    6.534956] e1000 0000:00:08.0 eth1: (PCI:33MHz:32-bit) 08:00:27:fa:40:7a
[    6.559627] e1000 0000:00:08.0 eth1: Intel(R) PRO/1000 Network Connection
[    6.563215] e1000 0000:00:03.0 enp0s3: renamed from eth0
[    6.593354] e1000 0000:00:08.0 enp0s8: renamed from eth1
Begin: Loading essential drivers ... [    6.872284] raid6: sse2x1   gen() 12375 MB/s
[    6.988647] raid6: sse2x1   xor()  8989 MB/s
[    7.136489] raid6: sse2x2   gen() 14378 MB/s
[    7.252565] raid6: sse2x2   xor() 10336 MB/s
[    7.332236] raid6: sse2x4   gen() 11527 MB/s
[    7.384066] raid6: sse2x4   xor()  6001 MB/s
[    7.432203] raid6: avx2x1   gen() 11960 MB/s
[    7.480055] raid6: avx2x1   xor() 11025 MB/s
[    7.528182] raid6: avx2x2   gen() 18474 MB/s
[    7.576472] raid6: avx2x2   xor() 13423 MB/s
[    7.676032] raid6: avx2x4   gen() 31905 MB/s
[    7.780631] raid6: avx2x4   xor() 19413 MB/s
[    7.782095] raid6: using algorithm avx2x4 gen() 31905 MB/s
[    7.814985] raid6: .... xor() 19413 MB/s, rmw enabled
[    7.891787] raid6: using avx2x2 recovery algorithm
[    7.975712] xor: automatically using best checksumming function   avx       
[    7.992626] async_tx: api initialized (async)
done.
Begin: Running /scripts/init-premount ... done.
Begin: Mounting root file system ... Begin: Running /scripts/local-top ... done.
Begin: Running /scripts/local-premount ... [    8.038979] Btrfs loaded, crc32c=crc32c-intel
Scanning for Btrfs filesystems
done.
Warning: fsck not present, so sk[    8.093882] EXT4-fs (sda1): INFO: recovery required on readonly filesystem
ipping root file system
[    8.150014] EXT4-fs (sda1): write access will be enabled during recovery
[    8.522238] EXT4-fs (sda1): recovery complete
[    8.536148] EXT4-fs (sda1): mounted filesystem with ordered data mode. Opts: (null)
done.
Begin: Running /scripts/local-bottom ... done.
Begin: Running /scripts/init-bottom ... done.
[    8.889929] ip_tables: (C) 2000-2006 Netfilter Core Team
[    9.017832] systemd[1]: systemd 237 running in system mode. (+PAM +AUDIT +SELINUX +IMA +APPARMOR +SMACK +SYSVINIT +UTMP +LIBCRYPTSETUP +GCRYPT +GNUTLS +ACL +XZ +LZ4 +SECCOMP +BLKID +ELFUTILS +KMOD -IDN2 +IDN -PCRE2 default-hierarchy=hybrid)
[    9.622782] systemd[1]: Detected virtualization oracle.
[    9.625664] systemd[1]: Detected architecture x86-64.

Welcome to [1mUbuntu 18.04.2 LTS[0m!

[    9.638370] systemd[1]: Set hostname to <ubuntu-bionic>.
[   10.231701] random: crng init done
[   10.250308] random: 7 urandom warning(s) missed due to ratelimiting
[   10.567955] systemd[1]: Started Forward Password Requests to Wall Directory Watch.
[[0;32m  OK  [0m] Started Forward Password Requests to Wall Directory Watch.
[   10.571940] systemd[1]: Reached target User and Group Name Lookups.
[[0;32m  OK  [0m] Reached target User and Group Name Lookups.
[   10.575460] systemd[1]: Set up automount Arbitrary Executable File Formats File System Automount Point.
[[0;32m  OK  [0m] Set up automount Arbitrary Executab…rmats File System Automount Point.
[   10.580166] systemd[1]: Reached target Swap.
[[0;32m  OK  [0m] Reached target Swap.
[   10.584726] systemd[1]: Created slice User and Session Slice.
[[0;32m  OK  [0m] Created slice User and Session Slice.
[   10.588135] systemd[1]: Created slice System Slice.
[[0;32m  OK  [0m] Created slice System Slice.
[[0;32m  OK  [0m] Listening on Syslog Socket.
[[0;32m  OK  [0m] Listening on Journal Socket (/dev/log).
[[0;32m  OK  [0m] Listening on Journal Audit Socket.
[[0;32m  OK  [0m] Listening on LVM2 metadata daemon socket.
[[0;32m  OK  [0m] Listening on udev Kernel Socket.
[[0;32m  OK  [0m] Listening on /dev/initctl Compatibility Named Pipe.
[[0;32m  OK  [0m] Listening on Journal Socket.
         Mounting Kernel Debug File System...
         Mounting Huge Pages File System...
         Starting Set the console keyboard layout...
         Starting Journal Service...
         Starting Create list of required st…ce nodes for the current kernel...
[[0;32m  OK  [0m] Listening on Device-mapper event daemon FIFOs.
[[0;32m  OK  [0m] Listening on LVM2 poll daemon socket.
         Mounting POSIX Message Queue File System...
[[0;32m  OK  [0m] Created slice system-serial\x2dgetty.slice.
         Starting Remount Root and Kernel File Systems...
[[0;32m  OK  [0m] Listening on udev Control Socket.
[   10.722552] EXT4-fs (sda1): re-mounted. Opts: (null)
         Starting Load Kernel Modules...
[[0;32m  OK  [0m] Reached target Slices.
         Starting Monitoring of LVM2 mirrors…ng dmeventd or progress polling...
         Starting Uncomplicated firewall...
         Starting udev Coldplug all Devices...
[[0;32m  OK  [0m] Listening on Network Service Netlink Socket.
[   10.774433] Loading iSCSI transport class v2.0-870.
[[0;32m  OK  [0m] Reached target System Time Synchronized.
[[0;32m  OK  [0m] Started Journal Service.
[[0;32m  OK  [0m] Mounted Kernel Debug File System.
[[0;32m  OK  [0m] Mounted Huge Pages File System.
[[0;32m  OK  [0m] Started Create list of required sta…vice nodes for the current kernel.
[[0;32m  OK  [0m] Started Set the console keyboard layout.
[[0;32m  OK  [0m] Mounted POSIX Message Queue File System.
[[0;32m  OK  [0m] Started Remount Root and Kernel File Systems.
[   10.873749] iscsi: registered transport (tcp)
[   10.914730] iscsi: registered transport (iser)
         Starting Load/Save Random Seed...
         Starting Create Static Device Nodes in /dev...
         Starting Flush Journal to Persistent Storage...
[[0;32m  OK  [0m] Started Load Kernel Modules.
[[0;32m  OK  [0m] Started Uncomplicated firewall.
[[0;32m  OK  [0m] Started udev Coldplug all Devices.
[[0;32m  OK  [0m] Started Load/Save Random Seed.
[[0;32m  OK  [0m] Started LVM2 metadata daemon.
         Mounting Kernel Configuration File System...
         Mounting FUSE Control File System...
         Starting Apply Kernel Variables...
[[0;32m  OK  [0m] Mounted Kernel Configuration File System.
[[0;32m  OK  [0m] Mounted FUSE Control File System.
[[0;32m  OK  [0m] Started Create Static Device Nodes in /dev.
         Starting udev Kernel Device Manager...
[[0;32m  OK  [0m] Started Monitoring of LVM2 mirrors,…sing dmeventd or progress polling.
[[0;32m  OK  [0m] Started Apply Kernel Variables.
[[0;32m  OK  [0m] Reached target Local File Systems (Pre).
[[0;32m  OK  [0m] Reached target Local File Systems.
         Starting ebtables ruleset management...
         Starting AppArmor initialization...
         Starting Tell Plymouth To Write Out Runtime Data...
         Starting Set console font and keymap...
[[0;32m  OK  [0m] Started udev Kernel Device Manager.
[[0;32m  OK  [0m] Started Dispatch Password Requests to Console Directory Watch.
[[0;32m  OK  [0m] Reached target Local Encrypted Volumes.
[[0;32m  OK  [0m] Started Tell Plymouth To Write Out Runtime Data.
[[0;32m  OK  [0m] Started Set console font and keymap.
[[0;32m  OK  [0m] Started ebtables ruleset management.
[[0;32m  OK  [0m] Started Flush Journal to Persistent Storage.
[[0;32m  OK  [0m] Found device /dev/ttyS0.
         Starting Create Volatile Files and Directories...
[[0;32m  OK  [0m] Started Create Volatile Files and Directories.
         Starting Update UTMP about System Boot/Shutdown...
[[0;32m  OK  [0m] Listening on Load/Save RF Kill Switch Status /dev/rfkill Watch.
[[0;32m  OK  [0m] Started AppArmor initialization.
[[0;32m  OK  [0m] Started Update UTMP about System Boot/Shutdown.
         Starting Initial cloud-init job (pre-networking)...
[   13.305520] cloud-init[557]: Cloud-init v. 18.5-45-g3554ffe8-0ubuntu1~18.04.1 running 'init-local' at Sun, 12 May 2019 01:18:19 +0000. Up 13.09 seconds.
[[0;32m  OK  [0m] Started Initial cloud-init job (pre-networking).
[[0;32m  OK  [0m] Reached target Network (Pre).
         Starting Network Service...
[[0;32m  OK  [0m] Started Network Service.
         Starting Wait for Network to be Configured...
         Starting Network Name Resolution...
[[0;32m  OK  [0m] Started Network Name Resolution.
[[0;32m  OK  [0m] Reached target Host and Network Name Lookups.
[[0;32m  OK  [0m] Reached target Network.
[[0;32m  OK  [0m] Started Wait for Network to be Configured.
         Starting Initial cloud-init job (metadata service crawler)...
[   15.763463] cloud-init[707]: Cloud-init v. 18.5-45-g3554ffe8-0ubuntu1~18.04.1 running 'init' at Sun, 12 May 2019 01:18:22 +0000. Up 15.56 seconds.
[   15.784947] cloud-init[707]: ci-info: ++++++++++++++++++++++++++++++++++++++Net device info+++++++++++++++++++++++++++++++++++++++
[   15.788539] cloud-init[707]: ci-info: +--------+------+-----------------------------+---------------+--------+-------------------+
[   15.791455] cloud-init[707]: ci-info: | Device |  Up  |           Address           |      Mask     | Scope  |     Hw-Address    |
[   15.794370] cloud-init[707]: ci-info: +--------+------+-----------------------------+---------------+--------+-------------------+
[   15.797335] cloud-init[707]: ci-info: | enp0s3 | True |          10.0.2.15          | 255.255.255.0 | global | 02:5c:19:d6:ac:b9 |
[   15.803795] cloud-init[707]: ci-info: | enp0s3 | True |  fe80::5c:19ff:fed6:acb9/64 |       .       |  link  | 02:5c:19:d6:ac:b9 |
[   15.809622] cloud-init[707]: ci-info: | enp0s8 | True |        192.168.33.10        | 255.255.255.0 | global | 08:00:27:fa:40:7a |
[   15.819723] cloud-init[707]: ci-info: | enp0s8 | True | fe80::a00:27ff:fefa:407a/64 |       .       |  link  | 08:00:27:fa:40:7a |
[   15.830965] cloud-init[707]: ci-info: |   lo   | True |          127.0.0.1          |   255.0.0.0   |  host  |         .         |
[   15.839760] cloud-init[707]: ci-info: |   lo   | True |           ::1/128           |       .       |  host  |         .         |
[   15.850802] cloud-init[707]: ci-info: +--------+------+-----------------------------+---------------+--------+-------------------+
[   15.856052] cloud-init[707]: ci-info: +++++++++++++++++++++++++++++Route IPv4 info+++++++++++++++++++++++++++++
[   15.863618] cloud-init[707]: ci-info: +-------+--------------+----------+-----------------+-----------+-------+
[   15.869648] cloud-init[707]: ci-info: | Route | Destination  | Gateway  |     Genmask     | Interface | Flags |
[   15.885244] cloud-init[707]: ci-info: +-------+--------------+----------+-----------------+-----------+-------+
[   15.887951] cloud-init[707]: ci-info: |   0   |   0.0.0.0    | 10.0.2.2 |     0.0.0.0     |   enp0s3  |   UG  |
[   15.890501] cloud-init[707]: ci-info: |   1   |   10.0.2.0   | 0.0.0.0  |  255.255.255.0  |   enp0s3  |   U   |
[   15.898944] cloud-init[707]: ci-info: |   2   |   10.0.2.2   | 0.0.0.0  | 255.255.255.255 |   enp0s3  |   UH  |
[   15.901701] cloud-init[707]: ci-info: |   3   | 192.168.33.0 | 0.0.0.0  |  255.255.255.0  |   enp0s8  |   U   |
[   15.912610] cloud-init[707]: ci-info: +-------+--------------+----------+-----------------+-----------+-------+
[   15.915430] cloud-init[707]: ci-info: +++++++++++++++++++Route IPv6 info+++++++++++++++++++
[   15.917714] cloud-init[707]: ci-info: +-------+-------------+---------+-----------+-------+
[   15.920906] cloud-init[707]: ci-info: | Route | Destination | Gateway | Interface | Flags |
[   15.942794] cloud-init[707]: ci-info: +-------+-------------+---------+-----------+-------+
[   15.946573] cloud-init[707]: ci-info: |   1   |  fe80::/64  |    ::   |   enp0s8  |   U   |
[   15.953131] cloud-init[707]: ci-info: |   2   |  fe80::/64  |    ::   |   enp0s3  |   U   |
[   15.956832] cloud-init[707]: ci-info: |   4   |    local    |    ::   |   enp0s3  |   U   |
[   15.960261] cloud-init[707]: ci-info: |   5   |    local    |    ::   |   enp0s8  |   U   |
[   15.976686] cloud-init[707]: ci-info: |   6   |   ff00::/8  |    ::   |   enp0s8  |   U   |
[   15.988519] cloud-init[707]: ci-info: |   7   |   ff00::/8  |    ::   |   enp0s3  |   U   |
[   16.072513] cloud-init[707]: ci-info: +-------+-------------+---------+-----------+-------+
[[0;32m  OK  [0m] Started Initial cloud-init job (metadata service crawler).
[[0;32m  OK  [0m] Reached target System Initialization.
[[0;32m  OK  [0m] Started Daily apt download activities.
[[0;32m  OK  [0m] Started Discard unused blocks once a week.
         Starting Socket activation for snappy daemon.
[[0;32m  OK  [0m] Listening on UUID daemon activation socket.
[[0;32m  OK  [0m] Listening on Open-iSCSI iscsid Socket.
[[0;32m  OK  [0m] Started Message of the Day.
[[0;32m  OK  [0m] Started ACPI Events Check.
[[0;32m  OK  [0m] Reached target Paths.
[[0;32m  OK  [0m] Listening on ACPID Listen Socket.
[[0;32m  OK  [0m] Started Daily Cleanup of Temporary Directories.
[[0;32m  OK  [0m] Started Daily apt upgrade and clean activities.
[[0;32m  OK  [0m] Reached target Timers.
         Starting LXD - unix socket.
[[0;32m  OK  [0m] Listening on D-Bus System Message Bus Socket.
[[0;32m  OK  [0m] Reached target Network is Online.
         Starting Availability of block devices...
[[0;32m  OK  [0m] Reached target Remote File Systems (Pre).
[[0;32m  OK  [0m] Reached target Remote File Systems.
[[0;32m  OK  [0m] Reached target Cloud-config availability.
[[0;32m  OK  [0m] Listening on Socket activation for snappy daemon.
[[0;32m  OK  [0m] Listening on LXD - unix socket.
[[0;32m  OK  [0m] Started Availability of block devices.
[[0;32m  OK  [0m] Reached target Sockets.
[[0;32m  OK  [0m] Reached target Basic System.
         Starting LXD - container startup/shutdown...
         Starting Permit User Sessions...
[[0;32m  OK  [0m] Started Deferred execution scheduler.
         Starting System Logging Service...
         Starting Login Service...
         Starting Dispatcher daemon for systemd-networkd...
         Starting LSB: automatic crash report generation...
[[0;32m  OK  [0m] Started FUSE filesystem for LXC.
[[0;32m  OK  [0m] Started D-Bus System Message Bus.
[[0;32m  OK  [0m] Started irqbalance daemon.
         Starting OpenBSD Secure Shell server...
         Starting LSB: Record successful boot for GRUB...
         Starting vboxadd.service...
[[0;32m  OK  [0m] Started Regular background program processing daemon.
         Starting Accounts Service...
         Starting Snappy daemon...
[[0;32m  OK  [0m] Started System Logging Service.
[[0;32m  OK  [0m] Started Permit User Sessions.
[[0;32m  OK  [0m] Started Login Service.
[[0;32m  OK  [0m] Started LXD - container startup/shutdown.
[[0;32m  OK  [0m] Started Unattended Upgrades Shutdown.
         Starting Terminate Plymouth Boot Screen...
         Starting Hold until boot process finishes up...
[[0;32m  OK  [0m] Started Hold until boot process finishes up.
[[0;32m  OK  [0m] Started Serial Getty on ttyS0.
         Starting Set console scheme...
[[0;32m  OK  [0m] Started Terminate Plymouth Boot Screen.
[[0;32m  OK  [0m] Started OpenBSD Secure Shell server.
[[0;32m  OK  [0m] Started Set console scheme.
[[0;32m  OK  [0m] Created slice system-getty.slice.
[[0;32m  OK  [0m] Started Getty on tty1.
[[0;32m  OK  [0m] Reached target Login Prompts.
         Starting Authorization Manager...
[[0;32m  OK  [0m] Started LSB: automatic crash report generation.
[[0;32m  OK  [0m] Started LSB: Record successful boot for GRUB.
[[0;32m  OK  [0m] Created slice User Slice of vagrant.
[[0;32m  OK  [0m] Started Authorization Manager.
[[0;32m  OK  [0m] Started Accounts Service.
[[0;32m  OK  [0m] Started Session 1 of user vagrant.
         Starting User Manager for UID 1000...
[[0;32m  OK  [0m] Started Snappy daemon.
         Starting Wait until snapd is fully seeded...
[[0;32m  OK  [0m] Started Dispatcher daemon for systemd-networkd.
[[0;32m  OK  [0m] Started Wait until snapd is fully seeded.
         Starting Apply the settings specified in cloud-config...
[[0;32m  OK  [0m] Started vboxadd.service.
         Starting vboxadd-service.service...
[[0;32m  OK  [0m] Started User Manager for UID 1000.
[[0;32m  OK  [0m] Started vboxadd-service.service.
[[0;32m  OK  [0m] Reached target Multi-User System.
[[0;32m  OK  [0m] Reached target Graphical Interface.
         Starting Update UTMP about System Runlevel Changes...
[[0;32m  OK  [0m] Started Update UTMP about System Runlevel Changes.
[   18.022585] cloud-init[1169]: Cloud-init v. 18.5-45-g3554ffe8-0ubuntu1~18.04.1 running 'modules:config' at Sun, 12 May 2019 01:18:24 +0000. Up 17.92 seconds.
[[0;32m  OK  [0m] Started Apply the settings specified in cloud-config.
         Starting Execute cloud user/final scripts...
[   18.673629] cloud-init[1291]: Cloud-init v. 18.5-45-g3554ffe8-0ubuntu1~18.04.1 running 'modules:final' at Sun, 12 May 2019 01:18:24 +0000. Up 18.49 seconds.
[   18.695607] cloud-init[1291]: Cloud-init v. 18.5-45-g3554ffe8-0ubuntu1~18.04.1 finished at Sun, 12 May 2019 01:18:25 +0000. Datasource DataSourceNoCloud [seed=/dev/sdb][dsmode=net].  Up 18.63 seconds
[[0;32m  OK  [0m] Started Execute cloud user/final scripts.
[[0;32m  OK  [0m] Reached target Cloud-init target.

Ubuntu 18.04.2 LTS ubuntu-bionic ttyS0

ubuntu-bionic login: 